android/app/build/intermediates/manifest_merge_blame_file/debug/manifest-merger-blame-debug-report.txt
1<?xml version="1.0" encoding="utf-8"?>
2<manifest xmlns:android="http://schemas.android.com/apk/res/android"
3    package="com.akshar.messaging"
4    android:versionCode="1"
5    android:versionName="1.0" >
6
7    <uses-sdk
8        android:minSdkVersion="24"
9        android:targetSdkVersion="34" />
10
11    <!-- Internet permission -->
12    <uses-permission android:name="android.permission.INTERNET" />
12-->src\main\AndroidManifest.xml:6:5-67
12-->src\main\AndroidManifest.xml:6:22-64
13    <uses-permission android:name="android.permission.ACCESS_NETWORK_STATE" />
13-->src\main\AndroidManifest.xml:7:5-79
13-->src\main\AndroidManifest.xml:7:22-76
14
15    <!-- Camera and storage permissions -->
16    <uses-permission android:name="android.permission.CAMERA" />
16-->src\main\AndroidManifest.xml:10:5-65
16-->src\main\AndroidManifest.xml:10:22-62
17    <uses-permission android:name="android.permission.READ_EXTERNAL_STORAGE" />
17-->src\main\AndroidManifest.xml:11:5-80
17-->src\main\AndroidManifest.xml:11:22-77
18    <uses-permission android:name="android.permission.WRITE_EXTERNAL_STORAGE" />
18-->src\main\AndroidManifest.xml:12:5-81
18-->src\main\AndroidManifest.xml:12:22-78
19    <uses-permission android:name="android.permission.READ_MEDIA_IMAGES" />
19-->src\main\AndroidManifest.xml:13:5-76
19-->src\main\AndroidManifest.xml:13:22-73
20    <uses-permission android:name="android.permission.READ_MEDIA_VIDEO" />
20-->src\main\AndroidManifest.xml:14:5-75
20-->src\main\AndroidManifest.xml:14:22-72
21    <uses-permission android:name="android.permission.READ_MEDIA_AUDIO" />
21-->src\main\AndroidManifest.xml:15:5-75
21-->src\main\AndroidManifest.xml:15:22-72
22
23    <!-- Audio permissions -->
24    <uses-permission android:name="android.permission.RECORD_AUDIO" />
24-->src\main\AndroidManifest.xml:18:5-71
24-->src\main\AndroidManifest.xml:18:22-68
25    <uses-permission android:name="android.permission.MODIFY_AUDIO_SETTINGS" />
25-->src\main\AndroidManifest.xml:19:5-80
25-->src\main\AndroidManifest.xml:19:22-77
26
27    <!-- Location permissions -->
28    <uses-permission android:name="android.permission.ACCESS_FINE_LOCATION" />
28-->src\main\AndroidManifest.xml:22:5-79
28-->src\main\AndroidManifest.xml:22:22-76
29    <uses-permission android:name="android.permission.ACCESS_COARSE_LOCATION" />
29-->src\main\AndroidManifest.xml:23:5-81
29-->src\main\AndroidManifest.xml:23:22-78
30
31    <!-- Contact permissions -->
32    <uses-permission android:name="android.permission.READ_CONTACTS" />
32-->src\main\AndroidManifest.xml:26:5-72
32-->src\main\AndroidManifest.xml:26:22-69
33
34    <!-- Phone permissions -->
35    <uses-permission android:name="android.permission.READ_PHONE_STATE" />
35-->src\main\AndroidManifest.xml:29:5-75
35-->src\main\AndroidManifest.xml:29:22-72
36
37    <!-- Vibration permission -->
38    <uses-permission android:name="android.permission.VIBRATE" />
38-->src\main\AndroidManifest.xml:32:5-66
38-->src\main\AndroidManifest.xml:32:22-63
39
40    <!-- Wake lock permission for calls -->
41    <uses-permission android:name="android.permission.WAKE_LOCK" />
41-->src\main\AndroidManifest.xml:35:5-68
41-->src\main\AndroidManifest.xml:35:22-65
42
43    <!-- Foreground service permission -->
44    <uses-permission android:name="android.permission.FOREGROUND_SERVICE" />
44-->src\main\AndroidManifest.xml:38:5-77
44-->src\main\AndroidManifest.xml:38:22-74
45    <uses-permission android:name="android.permission.FOREGROUND_SERVICE_MEDIA_PROJECTION" />
45-->src\main\AndroidManifest.xml:39:5-94
45-->src\main\AndroidManifest.xml:39:22-91
46    <uses-permission android:name="android.permission.POST_NOTIFICATIONS" /> <!-- Required by older versions of Google Play services to create IID tokens -->
46-->[com.google.firebase:firebase-messaging:24.0.0] AndroidManifest.xml:23:5-77
46-->[com.google.firebase:firebase-messaging:24.0.0] AndroidManifest.xml:23:22-74
47    <uses-permission android:name="com.google.android.c2dm.permission.RECEIVE" />
47-->[com.google.firebase:firebase-messaging:24.0.0] AndroidManifest.xml:26:5-82
47-->[com.google.firebase:firebase-messaging:24.0.0] AndroidManifest.xml:26:22-79
48    <uses-permission android:name="com.google.android.finsky.permission.BIND_GET_INSTALL_REFERRER_SERVICE" />
48-->[com.google.android.gms:play-services-measurement:22.0.0] AndroidManifest.xml:26:5-110
48-->[com.google.android.gms:play-services-measurement:22.0.0] AndroidManifest.xml:26:22-107
49    <uses-permission android:name="com.google.android.gms.permission.AD_ID" />
49-->[com.google.android.gms:play-services-measurement-api:22.0.0] AndroidManifest.xml:25:5-79
49-->[com.google.android.gms:play-services-measurement-api:22.0.0] AndroidManifest.xml:25:22-76
50    <uses-permission android:name="android.permission.ACCESS_ADSERVICES_ATTRIBUTION" />
50-->[com.google.android.gms:play-services-measurement-api:22.0.0] AndroidManifest.xml:26:5-88
50-->[com.google.android.gms:play-services-measurement-api:22.0.0] AndroidManifest.xml:26:22-85
51    <uses-permission android:name="android.permission.ACCESS_ADSERVICES_AD_ID" />
51-->[com.google.android.gms:play-services-measurement-api:22.0.0] AndroidManifest.xml:27:5-82
51-->[com.google.android.gms:play-services-measurement-api:22.0.0] AndroidManifest.xml:27:22-79
52    <uses-permission android:name="com.google.android.providers.gsf.permission.READ_GSERVICES" />
52-->[com.google.android.recaptcha:recaptcha:18.4.0] AndroidManifest.xml:9:5-98
52-->[com.google.android.recaptcha:recaptcha:18.4.0] AndroidManifest.xml:9:22-95
53
54    <permission
54-->[androidx.core:core:1.12.0] AndroidManifest.xml:22:5-24:47
55        android:name="com.akshar.messaging.DYNAMIC_RECEIVER_NOT_EXPORTED_PERMISSION"
55-->[androidx.core:core:1.12.0] AndroidManifest.xml:23:9-81
56        android:protectionLevel="signature" />
56-->[androidx.core:core:1.12.0] AndroidManifest.xml:24:9-44
57
58    <uses-permission android:name="com.akshar.messaging.DYNAMIC_RECEIVER_NOT_EXPORTED_PERMISSION" /> <!-- Don't require camera, as this requires a rear camera. This allows it to work on the Nexus 7 -->
58-->[androidx.core:core:1.12.0] AndroidManifest.xml:26:5-97
58-->[androidx.core:core:1.12.0] AndroidManifest.xml:26:22-94
59    <uses-feature
59-->[com.journeyapps:zxing-android-embedded:4.3.0] AndroidManifest.xml:25:5-27:36
60        android:name="android.hardware.camera"
60-->[com.journeyapps:zxing-android-embedded:4.3.0] AndroidManifest.xml:26:9-47
61        android:required="false" />
61-->[com.journeyapps:zxing-android-embedded:4.3.0] AndroidManifest.xml:27:9-33
62    <uses-feature
62-->[com.journeyapps:zxing-android-embedded:4.3.0] AndroidManifest.xml:28:5-30:36
63        android:name="android.hardware.camera.front"
63-->[com.journeyapps:zxing-android-embedded:4.3.0] AndroidManifest.xml:29:9-53
64        android:required="false" /> <!-- TODO replace above two with next line after Android 4.2 -->
64-->[com.journeyapps:zxing-android-embedded:4.3.0] AndroidManifest.xml:30:9-33
65    <!-- <uses-feature android:name="android.hardware.camera.any"/> -->
66    <uses-feature
66-->[com.journeyapps:zxing-android-embedded:4.3.0] AndroidManifest.xml:33:5-35:36
67        android:name="android.hardware.camera.autofocus"
67-->[com.journeyapps:zxing-android-embedded:4.3.0] AndroidManifest.xml:34:9-57
68        android:required="false" />
68-->[com.journeyapps:zxing-android-embedded:4.3.0] AndroidManifest.xml:35:9-33
69    <uses-feature
69-->[com.journeyapps:zxing-android-embedded:4.3.0] AndroidManifest.xml:36:5-38:36
70        android:name="android.hardware.camera.flash"
70-->[com.journeyapps:zxing-android-embedded:4.3.0] AndroidManifest.xml:37:9-53
71        android:required="false" />
71-->[com.journeyapps:zxing-android-embedded:4.3.0] AndroidManifest.xml:38:9-33
72    <uses-feature
72-->[com.journeyapps:zxing-android-embedded:4.3.0] AndroidManifest.xml:39:5-41:36
73        android:name="android.hardware.screen.landscape"
73-->[com.journeyapps:zxing-android-embedded:4.3.0] AndroidManifest.xml:40:9-57
74        android:required="false" />
74-->[com.journeyapps:zxing-android-embedded:4.3.0] AndroidManifest.xml:41:9-33
75    <uses-feature
75-->[com.journeyapps:zxing-android-embedded:4.3.0] AndroidManifest.xml:42:5-44:36
76        android:name="android.hardware.wifi"
76-->[com.journeyapps:zxing-android-embedded:4.3.0] AndroidManifest.xml:43:9-45
77        android:required="false" />
77-->[com.journeyapps:zxing-android-embedded:4.3.0] AndroidManifest.xml:44:9-33
78
79    <application
79-->src\main\AndroidManifest.xml:41:5-97:19
80        android:name="com.akshar.messaging.AksharMessagingApplication"
80-->src\main\AndroidManifest.xml:42:9-51
81        android:allowBackup="true"
81-->src\main\AndroidManifest.xml:43:9-35
82        android:appComponentFactory="androidx.core.app.CoreComponentFactory"
82-->[androidx.core:core:1.12.0] AndroidManifest.xml:28:18-86
83        android:dataExtractionRules="@xml/data_extraction_rules"
83-->src\main\AndroidManifest.xml:44:9-65
84        android:debuggable="true"
85        android:extractNativeLibs="false"
86        android:fullBackupContent="@xml/backup_rules"
86-->src\main\AndroidManifest.xml:45:9-54
87        android:icon="@mipmap/ic_launcher"
87-->src\main\AndroidManifest.xml:46:9-43
88        android:label="@string/app_name"
88-->src\main\AndroidManifest.xml:47:9-41
89        android:roundIcon="@mipmap/ic_launcher_round"
89-->src\main\AndroidManifest.xml:48:9-54
90        android:supportsRtl="true"
90-->src\main\AndroidManifest.xml:49:9-35
91        android:theme="@style/Theme.AksharMessaging"
91-->src\main\AndroidManifest.xml:50:9-53
92        android:usesCleartextTraffic="true" >
92-->src\main\AndroidManifest.xml:51:9-44
93
94        <!-- Firebase Cloud Messaging Service -->
95        <service
95-->src\main\AndroidManifest.xml:55:9-61:19
96            android:name="com.akshar.messaging.notification.FirebaseMessagingService"
96-->src\main\AndroidManifest.xml:56:13-66
97            android:exported="false" >
97-->src\main\AndroidManifest.xml:57:13-37
98            <intent-filter>
98-->src\main\AndroidManifest.xml:58:13-60:29
99                <action android:name="com.google.firebase.MESSAGING_EVENT" />
99-->src\main\AndroidManifest.xml:59:17-78
99-->src\main\AndroidManifest.xml:59:25-75
100            </intent-filter>
101        </service>
102
103        <!-- Main Activity -->
104        <activity
104-->src\main\AndroidManifest.xml:64:9-75:20
105            android:name="com.akshar.messaging.MainActivity"
105-->src\main\AndroidManifest.xml:65:13-41
106            android:exported="true"
106-->src\main\AndroidManifest.xml:66:13-36
107            android:label="@string/app_name"
107-->src\main\AndroidManifest.xml:67:13-45
108            android:launchMode="singleTop"
108-->src\main\AndroidManifest.xml:70:13-43
109            android:screenOrientation="portrait"
109-->src\main\AndroidManifest.xml:69:13-49
110            android:theme="@style/Theme.AksharMessaging" >
110-->src\main\AndroidManifest.xml:68:13-57
111            <intent-filter>
111-->src\main\AndroidManifest.xml:71:13-74:29
112                <action android:name="android.intent.action.MAIN" />
112-->src\main\AndroidManifest.xml:72:17-69
112-->src\main\AndroidManifest.xml:72:25-66
113
114                <category android:name="android.intent.category.LAUNCHER" />
114-->src\main\AndroidManifest.xml:73:17-77
114-->src\main\AndroidManifest.xml:73:27-74
115            </intent-filter>
116        </activity>
117
118        <!-- Call Activity -->
119        <activity
119-->src\main\AndroidManifest.xml:78:9-84:43
120            android:name="com.akshar.messaging.presentation.call.CallActivity"
120-->src\main\AndroidManifest.xml:79:13-59
121            android:exported="false"
121-->src\main\AndroidManifest.xml:80:13-37
122            android:screenOrientation="portrait"
122-->src\main\AndroidManifest.xml:82:13-49
123            android:showWhenLocked="true"
123-->src\main\AndroidManifest.xml:83:13-42
124            android:theme="@style/Theme.AksharMessaging.Call"
124-->src\main\AndroidManifest.xml:81:13-62
125            android:turnScreenOn="true" />
125-->src\main\AndroidManifest.xml:84:13-40
126
127        <!-- File Provider for sharing files -->
128        <provider
129            android:name="androidx.core.content.FileProvider"
129-->src\main\AndroidManifest.xml:88:13-62
130            android:authorities="com.akshar.messaging.fileprovider"
130-->src\main\AndroidManifest.xml:89:13-64
131            android:exported="false"
131-->src\main\AndroidManifest.xml:90:13-37
132            android:grantUriPermissions="true" >
132-->src\main\AndroidManifest.xml:91:13-47
133            <meta-data
133-->src\main\AndroidManifest.xml:92:13-94:54
134                android:name="android.support.FILE_PROVIDER_PATHS"
134-->src\main\AndroidManifest.xml:93:17-67
135                android:resource="@xml/file_paths" />
135-->src\main\AndroidManifest.xml:94:17-51
136        </provider>
137
138        <activity
138-->[com.google.firebase:firebase-auth:23.0.0] AndroidManifest.xml:29:9-46:20
139            android:name="com.google.firebase.auth.internal.GenericIdpActivity"
139-->[com.google.firebase:firebase-auth:23.0.0] AndroidManifest.xml:30:13-80
140            android:excludeFromRecents="true"
140-->[com.google.firebase:firebase-auth:23.0.0] AndroidManifest.xml:31:13-46
141            android:exported="true"
141-->[com.google.firebase:firebase-auth:23.0.0] AndroidManifest.xml:32:13-36
142            android:launchMode="singleTask"
142-->[com.google.firebase:firebase-auth:23.0.0] AndroidManifest.xml:33:13-44
143            android:theme="@android:style/Theme.Translucent.NoTitleBar" >
143-->[com.google.firebase:firebase-auth:23.0.0] AndroidManifest.xml:34:13-72
144            <intent-filter>
144-->[com.google.firebase:firebase-auth:23.0.0] AndroidManifest.xml:35:13-45:29
145                <action android:name="android.intent.action.VIEW" />
145-->[com.google.firebase:firebase-auth:23.0.0] AndroidManifest.xml:36:17-69
145-->[com.google.firebase:firebase-auth:23.0.0] AndroidManifest.xml:36:25-66
146
147                <category android:name="android.intent.category.DEFAULT" />
147-->[com.google.firebase:firebase-auth:23.0.0] AndroidManifest.xml:38:17-76
147-->[com.google.firebase:firebase-auth:23.0.0] AndroidManifest.xml:38:27-73
148                <category android:name="android.intent.category.BROWSABLE" />
148-->[com.google.firebase:firebase-auth:23.0.0] AndroidManifest.xml:39:17-78
148-->[com.google.firebase:firebase-auth:23.0.0] AndroidManifest.xml:39:27-75
149
150                <data
150-->[com.google.firebase:firebase-auth:23.0.0] AndroidManifest.xml:41:17-44:51
151                    android:host="firebase.auth"
151-->[com.google.firebase:firebase-auth:23.0.0] AndroidManifest.xml:42:21-49
152                    android:path="/"
152-->[com.google.firebase:firebase-auth:23.0.0] AndroidManifest.xml:43:21-37
153                    android:scheme="genericidp" />
153-->[com.google.firebase:firebase-auth:23.0.0] AndroidManifest.xml:44:21-48
154            </intent-filter>
155        </activity>
156        <activity
156-->[com.google.firebase:firebase-auth:23.0.0] AndroidManifest.xml:47:9-64:20
157            android:name="com.google.firebase.auth.internal.RecaptchaActivity"
157-->[com.google.firebase:firebase-auth:23.0.0] AndroidManifest.xml:48:13-79
158            android:excludeFromRecents="true"
158-->[com.google.firebase:firebase-auth:23.0.0] AndroidManifest.xml:49:13-46
159            android:exported="true"
159-->[com.google.firebase:firebase-auth:23.0.0] AndroidManifest.xml:50:13-36
160            android:launchMode="singleTask"
160-->[com.google.firebase:firebase-auth:23.0.0] AndroidManifest.xml:51:13-44
161            android:theme="@android:style/Theme.Translucent.NoTitleBar" >
161-->[com.google.firebase:firebase-auth:23.0.0] AndroidManifest.xml:52:13-72
162            <intent-filter>
162-->[com.google.firebase:firebase-auth:23.0.0] AndroidManifest.xml:53:13-63:29
163                <action android:name="android.intent.action.VIEW" />
163-->[com.google.firebase:firebase-auth:23.0.0] AndroidManifest.xml:36:17-69
163-->[com.google.firebase:firebase-auth:23.0.0] AndroidManifest.xml:36:25-66
164
165                <category android:name="android.intent.category.DEFAULT" />
165-->[com.google.firebase:firebase-auth:23.0.0] AndroidManifest.xml:38:17-76
165-->[com.google.firebase:firebase-auth:23.0.0] AndroidManifest.xml:38:27-73
166                <category android:name="android.intent.category.BROWSABLE" />
166-->[com.google.firebase:firebase-auth:23.0.0] AndroidManifest.xml:39:17-78
166-->[com.google.firebase:firebase-auth:23.0.0] AndroidManifest.xml:39:27-75
167
168                <data
168-->[com.google.firebase:firebase-auth:23.0.0] AndroidManifest.xml:41:17-44:51
169                    android:host="firebase.auth"
169-->[com.google.firebase:firebase-auth:23.0.0] AndroidManifest.xml:42:21-49
170                    android:path="/"
170-->[com.google.firebase:firebase-auth:23.0.0] AndroidManifest.xml:43:21-37
171                    android:scheme="recaptcha" />
171-->[com.google.firebase:firebase-auth:23.0.0] AndroidManifest.xml:44:21-48
172            </intent-filter>
173        </activity>
174
175        <service
175-->[com.google.firebase:firebase-auth:23.0.0] AndroidManifest.xml:66:9-72:19
176            android:name="com.google.firebase.components.ComponentDiscoveryService"
176-->[com.google.firebase:firebase-auth:23.0.0] AndroidManifest.xml:67:13-84
177            android:directBootAware="true"
177-->[com.google.firebase:firebase-common:21.0.0] AndroidManifest.xml:32:13-43
178            android:exported="false" >
178-->[com.google.firebase:firebase-auth:23.0.0] AndroidManifest.xml:68:13-37
179            <meta-data
179-->[com.google.firebase:firebase-auth:23.0.0] AndroidManifest.xml:69:13-71:85
180                android:name="com.google.firebase.components:com.google.firebase.auth.FirebaseAuthRegistrar"
180-->[com.google.firebase:firebase-auth:23.0.0] AndroidManifest.xml:70:17-109
181                android:value="com.google.firebase.components.ComponentRegistrar" />
181-->[com.google.firebase:firebase-auth:23.0.0] AndroidManifest.xml:71:17-82
182            <meta-data
182-->[com.google.firebase:firebase-firestore:25.0.0] AndroidManifest.xml:17:13-19:85
183                android:name="com.google.firebase.components:com.google.firebase.firestore.FirebaseFirestoreKtxRegistrar"
183-->[com.google.firebase:firebase-firestore:25.0.0] AndroidManifest.xml:18:17-122
184                android:value="com.google.firebase.components.ComponentRegistrar" />
184-->[com.google.firebase:firebase-firestore:25.0.0] AndroidManifest.xml:19:17-82
185            <meta-data
185-->[com.google.firebase:firebase-firestore:25.0.0] AndroidManifest.xml:20:13-22:85
186                android:name="com.google.firebase.components:com.google.firebase.firestore.FirestoreRegistrar"
186-->[com.google.firebase:firebase-firestore:25.0.0] AndroidManifest.xml:21:17-111
187                android:value="com.google.firebase.components.ComponentRegistrar" />
187-->[com.google.firebase:firebase-firestore:25.0.0] AndroidManifest.xml:22:17-82
188            <meta-data
188-->[com.google.firebase:firebase-messaging:24.0.0] AndroidManifest.xml:57:13-59:85
189                android:name="com.google.firebase.components:com.google.firebase.messaging.FirebaseMessagingKtxRegistrar"
189-->[com.google.firebase:firebase-messaging:24.0.0] AndroidManifest.xml:58:17-122
190                android:value="com.google.firebase.components.ComponentRegistrar" />
190-->[com.google.firebase:firebase-messaging:24.0.0] AndroidManifest.xml:59:17-82
191            <meta-data
191-->[com.google.firebase:firebase-messaging:24.0.0] AndroidManifest.xml:60:13-62:85
192                android:name="com.google.firebase.components:com.google.firebase.messaging.FirebaseMessagingRegistrar"
192-->[com.google.firebase:firebase-messaging:24.0.0] AndroidManifest.xml:61:17-119
193                android:value="com.google.firebase.components.ComponentRegistrar" />
193-->[com.google.firebase:firebase-messaging:24.0.0] AndroidManifest.xml:62:17-82
194            <meta-data
194-->[com.google.android.gms:play-services-measurement-api:22.0.0] AndroidManifest.xml:37:13-39:85
195                android:name="com.google.firebase.components:com.google.firebase.analytics.connector.internal.AnalyticsConnectorRegistrar"
195-->[com.google.android.gms:play-services-measurement-api:22.0.0] AndroidManifest.xml:38:17-139
196                android:value="com.google.firebase.components.ComponentRegistrar" />
196-->[com.google.android.gms:play-services-measurement-api:22.0.0] AndroidManifest.xml:39:17-82
197            <meta-data
197-->[com.google.firebase:firebase-installations:18.0.0] AndroidManifest.xml:15:13-17:85
198                android:name="com.google.firebase.components:com.google.firebase.installations.FirebaseInstallationsKtxRegistrar"
198-->[com.google.firebase:firebase-installations:18.0.0] AndroidManifest.xml:16:17-130
199                android:value="com.google.firebase.components.ComponentRegistrar" />
199-->[com.google.firebase:firebase-installations:18.0.0] AndroidManifest.xml:17:17-82
200            <meta-data
200-->[com.google.firebase:firebase-installations:18.0.0] AndroidManifest.xml:18:13-20:85
201                android:name="com.google.firebase.components:com.google.firebase.installations.FirebaseInstallationsRegistrar"
201-->[com.google.firebase:firebase-installations:18.0.0] AndroidManifest.xml:19:17-127
202                android:value="com.google.firebase.components.ComponentRegistrar" />
202-->[com.google.firebase:firebase-installations:18.0.0] AndroidManifest.xml:20:17-82
203            <meta-data
203-->[com.google.firebase:firebase-common-ktx:21.0.0] AndroidManifest.xml:12:13-14:85
204                android:name="com.google.firebase.components:com.google.firebase.ktx.FirebaseCommonLegacyRegistrar"
204-->[com.google.firebase:firebase-common-ktx:21.0.0] AndroidManifest.xml:13:17-116
205                android:value="com.google.firebase.components.ComponentRegistrar" />
205-->[com.google.firebase:firebase-common-ktx:21.0.0] AndroidManifest.xml:14:17-82
206            <meta-data
206-->[com.google.firebase:firebase-common:21.0.0] AndroidManifest.xml:35:13-37:85
207                android:name="com.google.firebase.components:com.google.firebase.FirebaseCommonKtxRegistrar"
207-->[com.google.firebase:firebase-common:21.0.0] AndroidManifest.xml:36:17-109
208                android:value="com.google.firebase.components.ComponentRegistrar" />
208-->[com.google.firebase:firebase-common:21.0.0] AndroidManifest.xml:37:17-82
209            <meta-data
209-->[com.google.firebase:firebase-datatransport:18.2.0] AndroidManifest.xml:25:13-27:85
210                android:name="com.google.firebase.components:com.google.firebase.datatransport.TransportRegistrar"
210-->[com.google.firebase:firebase-datatransport:18.2.0] AndroidManifest.xml:26:17-115
211                android:value="com.google.firebase.components.ComponentRegistrar" />
211-->[com.google.firebase:firebase-datatransport:18.2.0] AndroidManifest.xml:27:17-82
212        </service>
213
214        <receiver
214-->[com.google.firebase:firebase-messaging:24.0.0] AndroidManifest.xml:29:9-40:20
215            android:name="com.google.firebase.iid.FirebaseInstanceIdReceiver"
215-->[com.google.firebase:firebase-messaging:24.0.0] AndroidManifest.xml:30:13-78
216            android:exported="true"
216-->[com.google.firebase:firebase-messaging:24.0.0] AndroidManifest.xml:31:13-36
217            android:permission="com.google.android.c2dm.permission.SEND" >
217-->[com.google.firebase:firebase-messaging:24.0.0] AndroidManifest.xml:32:13-73
218            <intent-filter>
218-->[com.google.firebase:firebase-messaging:24.0.0] AndroidManifest.xml:33:13-35:29
219                <action android:name="com.google.android.c2dm.intent.RECEIVE" />
219-->[com.google.firebase:firebase-messaging:24.0.0] AndroidManifest.xml:34:17-81
219-->[com.google.firebase:firebase-messaging:24.0.0] AndroidManifest.xml:34:25-78
220            </intent-filter>
221
222            <meta-data
222-->[com.google.firebase:firebase-messaging:24.0.0] AndroidManifest.xml:37:13-39:40
223                android:name="com.google.android.gms.cloudmessaging.FINISHED_AFTER_HANDLED"
223-->[com.google.firebase:firebase-messaging:24.0.0] AndroidManifest.xml:38:17-92
224                android:value="true" />
224-->[com.google.firebase:firebase-messaging:24.0.0] AndroidManifest.xml:39:17-37
225        </receiver>
226        <!--
227             FirebaseMessagingService performs security checks at runtime,
228             but set to not exported to explicitly avoid allowing another app to call it.
229        -->
230        <service
230-->[com.google.firebase:firebase-messaging:24.0.0] AndroidManifest.xml:46:9-53:19
231            android:name="com.google.firebase.messaging.FirebaseMessagingService"
231-->[com.google.firebase:firebase-messaging:24.0.0] AndroidManifest.xml:47:13-82
232            android:directBootAware="true"
232-->[com.google.firebase:firebase-messaging:24.0.0] AndroidManifest.xml:48:13-43
233            android:exported="false" >
233-->[com.google.firebase:firebase-messaging:24.0.0] AndroidManifest.xml:49:13-37
234            <intent-filter android:priority="-500" >
234-->src\main\AndroidManifest.xml:58:13-60:29
235                <action android:name="com.google.firebase.MESSAGING_EVENT" />
235-->src\main\AndroidManifest.xml:59:17-78
235-->src\main\AndroidManifest.xml:59:25-75
236            </intent-filter>
237        </service>
238
239        <receiver
239-->[com.google.android.gms:play-services-measurement:22.0.0] AndroidManifest.xml:29:9-33:20
240            android:name="com.google.android.gms.measurement.AppMeasurementReceiver"
240-->[com.google.android.gms:play-services-measurement:22.0.0] AndroidManifest.xml:30:13-85
241            android:enabled="true"
241-->[com.google.android.gms:play-services-measurement:22.0.0] AndroidManifest.xml:31:13-35
242            android:exported="false" >
242-->[com.google.android.gms:play-services-measurement:22.0.0] AndroidManifest.xml:32:13-37
243        </receiver>
244
245        <service
245-->[com.google.android.gms:play-services-measurement:22.0.0] AndroidManifest.xml:35:9-38:40
246            android:name="com.google.android.gms.measurement.AppMeasurementService"
246-->[com.google.android.gms:play-services-measurement:22.0.0] AndroidManifest.xml:36:13-84
247            android:enabled="true"
247-->[com.google.android.gms:play-services-measurement:22.0.0] AndroidManifest.xml:37:13-35
248            android:exported="false" />
248-->[com.google.android.gms:play-services-measurement:22.0.0] AndroidManifest.xml:38:13-37
249        <service
249-->[com.google.android.gms:play-services-measurement:22.0.0] AndroidManifest.xml:39:9-43:72
250            android:name="com.google.android.gms.measurement.AppMeasurementJobService"
250-->[com.google.android.gms:play-services-measurement:22.0.0] AndroidManifest.xml:40:13-87
251            android:enabled="true"
251-->[com.google.android.gms:play-services-measurement:22.0.0] AndroidManifest.xml:41:13-35
252            android:exported="false"
252-->[com.google.android.gms:play-services-measurement:22.0.0] AndroidManifest.xml:42:13-37
253            android:permission="android.permission.BIND_JOB_SERVICE" />
253-->[com.google.android.gms:play-services-measurement:22.0.0] AndroidManifest.xml:43:13-69
254
255        <property
255-->[com.google.android.gms:play-services-measurement-api:22.0.0] AndroidManifest.xml:30:9-32:61
256            android:name="android.adservices.AD_SERVICES_CONFIG"
256-->[com.google.android.gms:play-services-measurement-api:22.0.0] AndroidManifest.xml:31:13-65
257            android:resource="@xml/ga_ad_services_config" />
257-->[com.google.android.gms:play-services-measurement-api:22.0.0] AndroidManifest.xml:32:13-58
258
259        <service
259-->[androidx.credentials:credentials-play-services-auth:1.2.0-rc01] AndroidManifest.xml:24:9-32:19
260            android:name="androidx.credentials.playservices.CredentialProviderMetadataHolder"
260-->[androidx.credentials:credentials-play-services-auth:1.2.0-rc01] AndroidManifest.xml:25:13-94
261            android:enabled="true"
261-->[androidx.credentials:credentials-play-services-auth:1.2.0-rc01] AndroidManifest.xml:26:13-35
262            android:exported="false" >
262-->[androidx.credentials:credentials-play-services-auth:1.2.0-rc01] AndroidManifest.xml:27:13-37
263            <meta-data
263-->[androidx.credentials:credentials-play-services-auth:1.2.0-rc01] AndroidManifest.xml:29:13-31:104
264                android:name="androidx.credentials.CREDENTIAL_PROVIDER_KEY"
264-->[androidx.credentials:credentials-play-services-auth:1.2.0-rc01] AndroidManifest.xml:30:17-76
265                android:value="androidx.credentials.playservices.CredentialProviderPlayServicesImpl" />
265-->[androidx.credentials:credentials-play-services-auth:1.2.0-rc01] AndroidManifest.xml:31:17-101
266        </service>
267
268        <activity
268-->[androidx.credentials:credentials-play-services-auth:1.2.0-rc01] AndroidManifest.xml:34:9-41:20
269            android:name="androidx.credentials.playservices.HiddenActivity"
269-->[androidx.credentials:credentials-play-services-auth:1.2.0-rc01] AndroidManifest.xml:35:13-76
270            android:configChanges="orientation|screenSize|screenLayout|keyboardHidden"
270-->[androidx.credentials:credentials-play-services-auth:1.2.0-rc01] AndroidManifest.xml:36:13-87
271            android:enabled="true"
271-->[androidx.credentials:credentials-play-services-auth:1.2.0-rc01] AndroidManifest.xml:37:13-35
272            android:exported="false"
272-->[androidx.credentials:credentials-play-services-auth:1.2.0-rc01] AndroidManifest.xml:38:13-37